<?xml version="1.0" encoding="UTF-8"?>
<testng-results skipped="0" failed="1" ignored="0" total="4" passed="3">
  <reporter-output>
    <line>
      <![CDATA[token已经过期!]]>
    </line>
    <line>
      <![CDATA[获取token成功!]]>
    </line>
    <line>
      <![CDATA[token没有过期!]]>
    </line>
  </reporter-output>
  <suite name="CompanyWeChatTest" duration-ms="4714" started-at="2018-10-20T13:34:45Z" finished-at="2018-10-20T13:34:49Z">
    <groups>
    </groups>
    <test name="应用" duration-ms="4283" started-at="2018-10-20T13:34:45Z" finished-at="2018-10-20T13:34:49Z">
      <class name="Case.Apps">
        <test-method status="PASS" signature="beforeClass()[pri:0, instance:Case.Apps@2d3fcdbd]" name="beforeClass" is-config="true" duration-ms="2768" started-at="2018-10-20T13:34:45Z" finished-at="2018-10-20T13:34:47Z">
          <reporter-output>
            <line>
              <![CDATA[token已经过期!]]>
            </line>
            <line>
              <![CDATA[获取token成功!]]>
            </line>
          </reporter-output>
        </test-method> <!-- beforeClass -->
        <test-method status="PASS" signature="beforeMethod()[pri:0, instance:Case.Apps@2d3fcdbd]" name="beforeMethod" is-config="true" duration-ms="1" started-at="2018-10-20T13:34:47Z" finished-at="2018-10-20T13:34:47Z">
          <reporter-output>
          </reporter-output>
        </test-method> <!-- beforeMethod -->
        <test-method status="PASS" signature="getApps()[pri:0, instance:Case.Apps@2d3fcdbd]" name="getApps" duration-ms="422" started-at="2018-10-20T13:34:47Z" finished-at="2018-10-20T13:34:48Z">
          <reporter-output>
          </reporter-output>
        </test-method> <!-- getApps -->
        <test-method status="PASS" signature="beforeMethod()[pri:0, instance:Case.Apps@2d3fcdbd]" name="beforeMethod" is-config="true" duration-ms="2" started-at="2018-10-20T13:34:48Z" finished-at="2018-10-20T13:34:48Z">
          <reporter-output>
          </reporter-output>
        </test-method> <!-- beforeMethod -->
        <test-method status="FAIL" signature="getAppsList()[pri:0, instance:Case.Apps@2d3fcdbd]" name="getAppsList" duration-ms="353" started-at="2018-10-20T13:34:48Z" finished-at="2018-10-20T13:34:48Z">
          <exception class="java.lang.AssertionError">
            <message>
              <![CDATA[expected [1] but found [0]]]>
            </message>
            <full-stacktrace>
              <![CDATA[java.lang.AssertionError: expected [1] but found [0]
at org.testng.Assert.fail(Assert.java:96)
at org.testng.Assert.failNotEquals(Assert.java:776)
at org.testng.Assert.assertEqualsImpl(Assert.java:137)
at org.testng.Assert.assertEquals(Assert.java:118)
at org.testng.Assert.assertEquals(Assert.java:442)
at Case.Apps.getAppsList(Apps.java:56)
at sun.reflect.NativeMethodAccessorImpl.invoke0(Native Method)
at sun.reflect.NativeMethodAccessorImpl.invoke(NativeMethodAccessorImpl.java:62)
at sun.reflect.DelegatingMethodAccessorImpl.invoke(DelegatingMethodAccessorImpl.java:43)
at java.lang.reflect.Method.invoke(Method.java:498)
at org.testng.internal.MethodInvocationHelper.invokeMethod(MethodInvocationHelper.java:124)
at org.testng.internal.Invoker.invokeMethod(Invoker.java:583)
at org.testng.internal.Invoker.invokeTestMethod(Invoker.java:719)
at org.testng.internal.Invoker.invokeTestMethods(Invoker.java:989)
at org.testng.internal.TestMethodWorker.invokeTestMethods(TestMethodWorker.java:125)
at org.testng.internal.TestMethodWorker.run(TestMethodWorker.java:109)
at org.testng.TestRunner.privateRun(TestRunner.java:648)
at org.testng.TestRunner.run(TestRunner.java:505)
at org.testng.SuiteRunner.runTest(SuiteRunner.java:455)
at org.testng.SuiteRunner.runSequentially(SuiteRunner.java:450)
at org.testng.SuiteRunner.privateRun(SuiteRunner.java:415)
at org.testng.SuiteRunner.run(SuiteRunner.java:364)
at org.testng.SuiteRunnerWorker.runSuite(SuiteRunnerWorker.java:52)
at org.testng.SuiteRunnerWorker.run(SuiteRunnerWorker.java:84)
at org.testng.TestNG.runSuitesSequentially(TestNG.java:1208)
at org.testng.TestNG.runSuitesLocally(TestNG.java:1137)
at org.testng.TestNG.runSuites(TestNG.java:1049)
at org.testng.TestNG.run(TestNG.java:1017)
at org.apache.maven.surefire.testng.TestNGExecutor.run(TestNGExecutor.java:217)
at org.apache.maven.surefire.testng.TestNGXmlTestSuite.execute(TestNGXmlTestSuite.java:84)
at org.apache.maven.surefire.testng.TestNGProvider.invoke(TestNGProvider.java:92)
at org.apache.maven.surefire.booter.ForkedBooter.invokeProviderInSameClassLoader(ForkedBooter.java:200)
at org.apache.maven.surefire.booter.ForkedBooter.runSuitesInProcess(ForkedBooter.java:153)
at org.apache.maven.surefire.booter.ForkedBooter.main(ForkedBooter.java:103)
]]>
            </full-stacktrace>
          </exception> <!-- java.lang.AssertionError -->
          <reporter-output>
          </reporter-output>
        </test-method> <!-- getAppsList -->
        <test-method status="PASS" signature="beforeMethod()[pri:0, instance:Case.Apps@2d3fcdbd]" name="beforeMethod" is-config="true" duration-ms="1" started-at="2018-10-20T13:34:48Z" finished-at="2018-10-20T13:34:48Z">
          <reporter-output>
          </reporter-output>
        </test-method> <!-- beforeMethod -->
        <test-method status="PASS" signature="setApps()[pri:0, instance:Case.Apps@2d3fcdbd]" name="setApps" duration-ms="715" started-at="2018-10-20T13:34:48Z" finished-at="2018-10-20T13:34:49Z">
          <reporter-output>
          </reporter-output>
        </test-method> <!-- setApps -->
        <test-method status="PASS" signature="afterClass()[pri:0, instance:Case.Apps@2d3fcdbd]" name="afterClass" is-config="true" duration-ms="0" started-at="2018-10-20T13:34:49Z" finished-at="2018-10-20T13:34:49Z">
          <reporter-output>
          </reporter-output>
        </test-method> <!-- afterClass -->
      </class> <!-- Case.Apps -->
    </test> <!-- 应用 -->
    <test name="消息" duration-ms="403" started-at="2018-10-20T13:34:49Z" finished-at="2018-10-20T13:34:49Z">
      <class name="Case.Messages">
        <test-method status="PASS" signature="beforeClass()[pri:0, instance:Case.Messages@6276ae34]" name="beforeClass" is-config="true" duration-ms="1" started-at="2018-10-20T13:34:49Z" finished-at="2018-10-20T13:34:49Z">
          <reporter-output>
            <line>
              <![CDATA[token没有过期!]]>
            </line>
          </reporter-output>
        </test-method> <!-- beforeClass -->
        <test-method status="PASS" signature="beforeMethod()[pri:0, instance:Case.Messages@6276ae34]" name="beforeMethod" is-config="true" duration-ms="1" started-at="2018-10-20T13:34:49Z" finished-at="2018-10-20T13:34:49Z">
          <reporter-output>
          </reporter-output>
        </test-method> <!-- beforeMethod -->
        <test-method status="PASS" signature="sendText()[pri:0, instance:Case.Messages@6276ae34]" name="sendText" duration-ms="399" started-at="2018-10-20T13:34:49Z" finished-at="2018-10-20T13:34:49Z">
          <reporter-output>
          </reporter-output>
        </test-method> <!-- sendText -->
        <test-method status="PASS" signature="afterClass()[pri:0, instance:Case.Messages@6276ae34]" name="afterClass" is-config="true" duration-ms="0" started-at="2018-10-20T13:34:49Z" finished-at="2018-10-20T13:34:49Z">
          <reporter-output>
          </reporter-output>
        </test-method> <!-- afterClass -->
      </class> <!-- Case.Messages -->
    </test> <!-- 消息 -->
  </suite> <!-- CompanyWeChatTest -->
</testng-results>
